0 info it worked if it ends with ok
1 verbose cli [ 'node', '/usr/local/bin/npm', 'publish' ]
2 info using npm@1.3.21
3 info using node@v0.10.24
4 verbose publish [ '.' ]
5 verbose cache add [ '.', null ]
6 verbose cache add name=undefined spec="." args=[".",null]
7 verbose parsed url { protocol: null,
7 verbose parsed url   slashes: null,
7 verbose parsed url   auth: null,
7 verbose parsed url   host: null,
7 verbose parsed url   port: null,
7 verbose parsed url   hostname: null,
7 verbose parsed url   hash: null,
7 verbose parsed url   search: null,
7 verbose parsed url   query: null,
7 verbose parsed url   pathname: '.',
7 verbose parsed url   path: '.',
7 verbose parsed url   href: '.' }
8 silly lockFile 3a52ce78- .
9 verbose lock . /Users/eric/.npm/3a52ce78-.lock
10 verbose tar pack [ '/var/folders/ht/j1f05zd13zxc921mfyk4srtw0000gn/T/npm-91038-QogXdqoJ/1406839291178-0.9358607882168144/tmp.tgz',
10 verbose tar pack   '.' ]
11 verbose tarball /var/folders/ht/j1f05zd13zxc921mfyk4srtw0000gn/T/npm-91038-QogXdqoJ/1406839291178-0.9358607882168144/tmp.tgz
12 verbose folder .
13 info prepublish drupal-to-wordpress@0.0.0
14 silly lockFile 1f1177db-tar tar://.
15 verbose lock tar://. /Users/eric/.npm/1f1177db-tar.lock
16 silly lockFile f8f6d816-91178-0-9358607882168144-tmp-tgz tar:///var/folders/ht/j1f05zd13zxc921mfyk4srtw0000gn/T/npm-91038-QogXdqoJ/1406839291178-0.9358607882168144/tmp.tgz
17 verbose lock tar:///var/folders/ht/j1f05zd13zxc921mfyk4srtw0000gn/T/npm-91038-QogXdqoJ/1406839291178-0.9358607882168144/tmp.tgz /Users/eric/.npm/f8f6d816-91178-0-9358607882168144-tmp-tgz.lock
18 silly lockFile 1f1177db-tar tar://.
19 silly lockFile 1f1177db-tar tar://.
20 silly lockFile f8f6d816-91178-0-9358607882168144-tmp-tgz tar:///var/folders/ht/j1f05zd13zxc921mfyk4srtw0000gn/T/npm-91038-QogXdqoJ/1406839291178-0.9358607882168144/tmp.tgz
21 silly lockFile f8f6d816-91178-0-9358607882168144-tmp-tgz tar:///var/folders/ht/j1f05zd13zxc921mfyk4srtw0000gn/T/npm-91038-QogXdqoJ/1406839291178-0.9358607882168144/tmp.tgz
22 verbose tar unpack /var/folders/ht/j1f05zd13zxc921mfyk4srtw0000gn/T/npm-91038-QogXdqoJ/1406839291178-0.9358607882168144/tmp.tgz
23 silly lockFile a8f5755a-91178-0-9358607882168144-package tar:///var/folders/ht/j1f05zd13zxc921mfyk4srtw0000gn/T/npm-91038-QogXdqoJ/1406839291178-0.9358607882168144/package
24 verbose lock tar:///var/folders/ht/j1f05zd13zxc921mfyk4srtw0000gn/T/npm-91038-QogXdqoJ/1406839291178-0.9358607882168144/package /Users/eric/.npm/a8f5755a-91178-0-9358607882168144-package.lock
25 silly lockFile f8f6d816-91178-0-9358607882168144-tmp-tgz tar:///var/folders/ht/j1f05zd13zxc921mfyk4srtw0000gn/T/npm-91038-QogXdqoJ/1406839291178-0.9358607882168144/tmp.tgz
26 verbose lock tar:///var/folders/ht/j1f05zd13zxc921mfyk4srtw0000gn/T/npm-91038-QogXdqoJ/1406839291178-0.9358607882168144/tmp.tgz /Users/eric/.npm/f8f6d816-91178-0-9358607882168144-tmp-tgz.lock
27 silly gunzTarPerm modes [ '755', '644' ]
28 silly gunzTarPerm extractEntry package.json
29 silly gunzTarPerm extractEntry .npmignore
30 silly gunzTarPerm extractEntry README.md
31 silly gunzTarPerm extractEntry index.js
32 silly gunzTarPerm extractEntry config.json.sample
33 silly gunzTarPerm extractEntry lib/exportSite.js
34 silly gunzTarPerm extractEntry templates/wordpress.xml.handlebars
35 silly lockFile a8f5755a-91178-0-9358607882168144-package tar:///var/folders/ht/j1f05zd13zxc921mfyk4srtw0000gn/T/npm-91038-QogXdqoJ/1406839291178-0.9358607882168144/package
36 silly lockFile a8f5755a-91178-0-9358607882168144-package tar:///var/folders/ht/j1f05zd13zxc921mfyk4srtw0000gn/T/npm-91038-QogXdqoJ/1406839291178-0.9358607882168144/package
37 silly lockFile f8f6d816-91178-0-9358607882168144-tmp-tgz tar:///var/folders/ht/j1f05zd13zxc921mfyk4srtw0000gn/T/npm-91038-QogXdqoJ/1406839291178-0.9358607882168144/tmp.tgz
38 silly lockFile f8f6d816-91178-0-9358607882168144-tmp-tgz tar:///var/folders/ht/j1f05zd13zxc921mfyk4srtw0000gn/T/npm-91038-QogXdqoJ/1406839291178-0.9358607882168144/tmp.tgz
39 verbose tar pack [ '/Users/eric/.npm/drupal-to-wordpress/0.0.0/package.tgz',
39 verbose tar pack   '/var/folders/ht/j1f05zd13zxc921mfyk4srtw0000gn/T/npm-91038-QogXdqoJ/1406839291178-0.9358607882168144/package' ]
40 verbose tarball /Users/eric/.npm/drupal-to-wordpress/0.0.0/package.tgz
41 verbose folder /var/folders/ht/j1f05zd13zxc921mfyk4srtw0000gn/T/npm-91038-QogXdqoJ/1406839291178-0.9358607882168144/package
42 silly lockFile a8f5755a-91178-0-9358607882168144-package tar:///var/folders/ht/j1f05zd13zxc921mfyk4srtw0000gn/T/npm-91038-QogXdqoJ/1406839291178-0.9358607882168144/package
43 verbose lock tar:///var/folders/ht/j1f05zd13zxc921mfyk4srtw0000gn/T/npm-91038-QogXdqoJ/1406839291178-0.9358607882168144/package /Users/eric/.npm/a8f5755a-91178-0-9358607882168144-package.lock
44 silly lockFile 6b5c7bdf-l-to-wordpress-0-0-0-package-tgz tar:///Users/eric/.npm/drupal-to-wordpress/0.0.0/package.tgz
45 verbose lock tar:///Users/eric/.npm/drupal-to-wordpress/0.0.0/package.tgz /Users/eric/.npm/6b5c7bdf-l-to-wordpress-0-0-0-package-tgz.lock
46 silly lockFile a8f5755a-91178-0-9358607882168144-package tar:///var/folders/ht/j1f05zd13zxc921mfyk4srtw0000gn/T/npm-91038-QogXdqoJ/1406839291178-0.9358607882168144/package
47 silly lockFile a8f5755a-91178-0-9358607882168144-package tar:///var/folders/ht/j1f05zd13zxc921mfyk4srtw0000gn/T/npm-91038-QogXdqoJ/1406839291178-0.9358607882168144/package
48 silly lockFile 6b5c7bdf-l-to-wordpress-0-0-0-package-tgz tar:///Users/eric/.npm/drupal-to-wordpress/0.0.0/package.tgz
49 silly lockFile 6b5c7bdf-l-to-wordpress-0-0-0-package-tgz tar:///Users/eric/.npm/drupal-to-wordpress/0.0.0/package.tgz
50 silly lockFile 7b003b8a-rupal-to-wordpress-0-0-0-package /Users/eric/.npm/drupal-to-wordpress/0.0.0/package
51 verbose lock /Users/eric/.npm/drupal-to-wordpress/0.0.0/package /Users/eric/.npm/7b003b8a-rupal-to-wordpress-0-0-0-package.lock
52 silly lockFile 7b003b8a-rupal-to-wordpress-0-0-0-package /Users/eric/.npm/drupal-to-wordpress/0.0.0/package
53 silly lockFile 7b003b8a-rupal-to-wordpress-0-0-0-package /Users/eric/.npm/drupal-to-wordpress/0.0.0/package
54 verbose tar unpack /Users/eric/.npm/drupal-to-wordpress/0.0.0/package.tgz
55 silly lockFile a83bb5eb-rupal-to-wordpress-0-0-0-package tar:///Users/eric/.npm/drupal-to-wordpress/0.0.0/package
56 verbose lock tar:///Users/eric/.npm/drupal-to-wordpress/0.0.0/package /Users/eric/.npm/a83bb5eb-rupal-to-wordpress-0-0-0-package.lock
57 silly lockFile 6b5c7bdf-l-to-wordpress-0-0-0-package-tgz tar:///Users/eric/.npm/drupal-to-wordpress/0.0.0/package.tgz
58 verbose lock tar:///Users/eric/.npm/drupal-to-wordpress/0.0.0/package.tgz /Users/eric/.npm/6b5c7bdf-l-to-wordpress-0-0-0-package-tgz.lock
59 silly gunzTarPerm modes [ '755', '644' ]
60 silly gunzTarPerm extractEntry package.json
61 silly gunzTarPerm extractEntry .npmignore
62 silly gunzTarPerm extractEntry README.md
63 silly gunzTarPerm extractEntry index.js
64 silly gunzTarPerm extractEntry config.json.sample
65 silly gunzTarPerm extractEntry lib/exportSite.js
66 silly gunzTarPerm extractEntry templates/wordpress.xml.handlebars
67 silly lockFile a83bb5eb-rupal-to-wordpress-0-0-0-package tar:///Users/eric/.npm/drupal-to-wordpress/0.0.0/package
68 silly lockFile a83bb5eb-rupal-to-wordpress-0-0-0-package tar:///Users/eric/.npm/drupal-to-wordpress/0.0.0/package
69 silly lockFile 6b5c7bdf-l-to-wordpress-0-0-0-package-tgz tar:///Users/eric/.npm/drupal-to-wordpress/0.0.0/package.tgz
70 silly lockFile 6b5c7bdf-l-to-wordpress-0-0-0-package-tgz tar:///Users/eric/.npm/drupal-to-wordpress/0.0.0/package.tgz
71 verbose chmod /Users/eric/.npm/drupal-to-wordpress/0.0.0/package.tgz 644
72 verbose chown /Users/eric/.npm/drupal-to-wordpress/0.0.0/package.tgz [ 501, 20 ]
73 silly lockFile 3a52ce78- .
74 silly lockFile 3a52ce78- .
75 silly publish { name: 'drupal-to-wordpress',
75 silly publish   version: '0.0.0',
75 silly publish   description: 'Exports a drupal site to a wordpress XML file',
75 silly publish   main: 'index.js',
75 silly publish   scripts: { test: 'echo "Error: no test specified" && exit 1' },
75 silly publish   keywords: [ 'drupal', 'wordpress', 'export', 'xml' ],
75 silly publish   repository:
75 silly publish    { type: 'git',
75 silly publish      url: 'https://github.com/standardpixel/drupal-to-wordpress' },
75 silly publish   author: { name: 'evg@stamen.com' },
75 silly publish   license: 'ISC',
75 silly publish   dependencies:
75 silly publish    { cli: '~0.6.3',
75 silly publish      colors: '~0.6.2',
75 silly publish      mysql: '~2.4.1',
75 silly publish      handlebars: '~2.0.0-alpha.4',
75 silly publish      moment: '~2.7.0',
75 silly publish      'html-md': '~3.0.2',
75 silly publish      'html-entities': '~1.0.10' },
75 silly publish   readme: 'drupal-to-wordpress\n===================\n\nCreate a wordpress xml export from a Drupal site\n\nHow to use this\n---------------\n   1. clone this repo `git clone https://github.com/standardpixel/drupal-to-wordpress.git`\n   2. `cd drupal-to-wordpress` then `npm install` and after that `cd ..`\n   3. `cp drupal-to-wordpress/config.json.sample drupal-to-wordpress/config.json`\n   4. Edit drupal-to-wordpress/config.json and add your Drupal MySql and site details\n   5. `node drupal-to-wordpress --exportSite`\n   \n_If all goes well you will have an xml file named drupalExport.xml in your current directory_\n',
75 silly publish   readmeFilename: 'README.md',
75 silly publish   bugs: { url: 'https://github.com/standardpixel/drupal-to-wordpress/issues' },
75 silly publish   homepage: 'https://github.com/standardpixel/drupal-to-wordpress',
75 silly publish   _id: 'drupal-to-wordpress@0.0.0',
75 silly publish   dist: { shasum: '0a3086685b5798e0c5161c58f7d3e52455c9916e' },
75 silly publish   _from: '.' }
76 verbose url raw drupal-to-wordpress
77 verbose url resolving [ 'https://registry.npmjs.org/', './drupal-to-wordpress' ]
78 verbose url resolved https://registry.npmjs.org/drupal-to-wordpress
79 info trying registry request attempt 1 at 13:41:31
80 http PUT https://registry.npmjs.org/drupal-to-wordpress
81 http 403 https://registry.npmjs.org/drupal-to-wordpress
82 info trying registry request attempt 1 at 13:41:31
83 http PUT https://registry.npmjs.org/drupal-to-wordpress
84 http 403 https://registry.npmjs.org/drupal-to-wordpress
85 error publish Failed PUT 403
86 error Error: forbidden cannot modify pre-existing version: 0.0.0
86 error old={"name":"drupal-to-wordpress","version":"0.0.0","description":"Exports a drupal site to a wordpress XML file","main":"index.js","scripts":{"test":"echo \"Error: no test specified\" && exit 1"},"keywords":["drupal","wordpress","export","xml"],"author":{"name":"evg@stamen.com"},"license":"ISC","dependencies":{"cli":"~0.6.3","colors":"~0.6.2","mysql":"~2.4.1","handlebars":"~2.0.0-alpha.4","moment":"~2.7.0","html-md":"~3.0.2","html-entities":"~1.0.10"},"_id":"drupal-to-wordpress@0.0.0","dist":{"shasum":"9214d93105a96f986f830cc73d34c412c987b469","tarball":"http://registry.npmjs.org/drupal-to-wordpress/-/drupal-to-wordpress-0.0.0.tgz"},"_from":".","_npmVersion":"1.3.21","_npmUser":{"name":"standardpixel","email":"eric@standardpixel.com"},"maintainers":[{"name":"standardpixel","email":"eric@standardpixel.com"}]}
86 error new={"name":"drupal-to-wordpress","version":"0.0.0","description":"Exports a drupal site to a wordpress XML file","main":"index.js","scripts":{"test":"echo \"Error: no test specified\" && exit 1"},"keywords":["drupal","wordpress","export","xml"],"repository":{"type":"git","url":"https://github.com/standardpixel/drupal-to-wordpress"},"author":{"name":"evg@stamen.com"},"license":"ISC","dependencies":{"cli":"~0.6.3","colors":"~0.6.2","mysql":"~2.4.1","handlebars":"~2.0.0-alpha.4","moment":"~2.7.0","html-md":"~3.0.2","html-entities":"~1.0.10"},"readme":"drupal-to-wordpress\u000a===================\u000a\u000aCreate a wordpress xml export from a Drupal site\u000a\u000aHow to use this\u000a---------------\u000a   1. clone this repo `git clone https://github.com/standardpixel/drupal-to-wordpress.git`\u000a   2. `cd drupal-to-wordpress` then `npm install` and after that `cd ..`\u000a   3. `cp drupal-to-wordpress/config.json.sample drupal-to-wordpress/config.json`\u000a   4. Edit drupal-to-wordpress/config.json and add your Drupal MySql and site details\u000a   5. `node drupal-to-wordpress --exportSite`\u000a   \u000a_If all goes well you will have an xml file named drupalExport.xml in your current directory_\u000a","readmeFilename":"README.md","bugs":{"url":"https://github.com/standardpixel/drupal-to-wordpress/issues"},"homepage":"https://github.com/standardpixel/drupal-to-wordpress","_id":"drupal-to-wordpress@0.0.0","dist":{"shasum":"0a3086685b5798e0c5161c58f7d3e52455c9916e","tarball":"http://registry.npmjs.org/drupal-to-wordpress/-/drupal-to-wordpress-0.0.0.tgz"},"_from":".","_npmVersion":"1.3.21","_npmUser":{"name":"standardpixel","email":"eric@standardpixel.com"},"maintainers":[{"name":"standardpixel","email":"eric@standardpixel.com"}]}: drupal-to-wordpress
86 error     at RegClient.<anonymous> (/usr/local/lib/node_modules/npm/node_modules/npm-registry-client/lib/request.js:275:14)
86 error     at Request.self.callback (/usr/local/lib/node_modules/npm/node_modules/request/request.js:123:22)
86 error     at Request.EventEmitter.emit (events.js:98:17)
86 error     at Request.<anonymous> (/usr/local/lib/node_modules/npm/node_modules/request/request.js:893:14)
86 error     at Request.EventEmitter.emit (events.js:117:20)
86 error     at IncomingMessage.<anonymous> (/usr/local/lib/node_modules/npm/node_modules/request/request.js:844:12)
86 error     at IncomingMessage.EventEmitter.emit (events.js:117:20)
86 error     at _stream_readable.js:920:16
86 error     at process._tickCallback (node.js:415:13)
87 error If you need help, you may report this *entire* log,
87 error including the npm and node versions, at:
87 error     <http://github.com/isaacs/npm/issues>
88 error System Darwin 13.3.0
89 error command "node" "/usr/local/bin/npm" "publish"
90 error cwd /Users/eric/workspace/drupal-to-wordpress
91 error node -v v0.10.24
92 error npm -v 1.3.21
93 verbose exit [ 1, true ]
